07/03/2025 02:32:21 PM :: PartTracker :: DEBUG    :: --------------------------------------------------------------
07/03/2025 02:32:21 PM :: PartTracker :: DEBUG    :: Beginning particle tracking for cptmarvel-8
07/03/2025 02:32:21 PM :: PartTracker :: DEBUG    :: Getting stored filepaths and haloids
07/03/2025 02:32:21 PM :: PartTracker :: DEBUG    :: Getting starting snapshot (may take a while)
07/03/2025 02:32:22 PM :: base.py :: DEBUG    :: Loading /data/Sims/cptmarvel.cosmo25cmb/cptmarvel.cosmo25cmb.4096g5HbwK1BH/snapshots_200crit_cptmarvel/cptmarvel.cosmo25cmb.4096g5HbwK1BH.004096 with haloid 8 and h1id 1
07/03/2025 02:32:32 PM :: pynbody.halo :: ERROR    :: Unable to load AHF substructure file; continuing without. To expose the underlying problem as an exception, pass ignore_missing_substructure=False to the AHFCatalogue constructor
07/03/2025 02:32:34 PM :: base.py :: DEBUG    :: Loading /data/Sims/cptmarvel.cosmo25cmb/cptmarvel.cosmo25cmb.4096g5HbwK1BH/snapshots_200crit_cptmarvel/cptmarvel.cosmo25cmb.4096g5HbwK1BH.003968 with haloid 8 and h1id 1
07/03/2025 02:32:43 PM :: pynbody.halo :: ERROR    :: Unable to load AHF substructure file; continuing without. To expose the underlying problem as an exception, pass ignore_missing_substructure=False to the AHFCatalogue constructor
07/03/2025 02:32:45 PM :: base.py :: DEBUG    :: Loading /data/Sims/cptmarvel.cosmo25cmb/cptmarvel.cosmo25cmb.4096g5HbwK1BH/snapshots_200crit_cptmarvel/cptmarvel.cosmo25cmb.4096g5HbwK1BH.003840 with haloid 8 and h1id 1
07/03/2025 02:32:57 PM :: pynbody.halo :: ERROR    :: Unable to load AHF substructure file; continuing without. To expose the underlying problem as an exception, pass ignore_missing_substructure=False to the AHFCatalogue constructor
07/03/2025 02:32:59 PM :: base.py :: DEBUG    :: Loading /data/Sims/cptmarvel.cosmo25cmb/cptmarvel.cosmo25cmb.4096g5HbwK1BH/snapshots_200crit_cptmarvel/cptmarvel.cosmo25cmb.4096g5HbwK1BH.003712 with haloid 9 and h1id 1
07/03/2025 02:33:03 PM :: pynbody.halo :: ERROR    :: Unable to load AHF substructure file; continuing without. To expose the underlying problem as an exception, pass ignore_missing_substructure=False to the AHFCatalogue constructor
07/03/2025 02:33:05 PM :: base.py :: DEBUG    :: Loading /data/Sims/cptmarvel.cosmo25cmb/cptmarvel.cosmo25cmb.4096g5HbwK1BH/snapshots_200crit_cptmarvel/cptmarvel.cosmo25cmb.4096g5HbwK1BH.003636 with haloid 9 and h1id 1
07/03/2025 02:33:10 PM :: pynbody.halo :: ERROR    :: Unable to load AHF substructure file; continuing without. To expose the underlying problem as an exception, pass ignore_missing_substructure=False to the AHFCatalogue constructor
07/03/2025 02:33:13 PM :: base.py :: DEBUG    :: Loading /data/Sims/cptmarvel.cosmo25cmb/cptmarvel.cosmo25cmb.4096g5HbwK1BH/snapshots_200crit_cptmarvel/cptmarvel.cosmo25cmb.4096g5HbwK1BH.003584 with haloid 9 and h1id 1
07/03/2025 02:33:17 PM :: pynbody.halo :: ERROR    :: Unable to load AHF substructure file; continuing without. To expose the underlying problem as an exception, pass ignore_missing_substructure=False to the AHFCatalogue constructor
07/03/2025 02:33:20 PM :: base.py :: DEBUG    :: Loading /data/Sims/cptmarvel.cosmo25cmb/cptmarvel.cosmo25cmb.4096g5HbwK1BH/snapshots_200crit_cptmarvel/cptmarvel.cosmo25cmb.4096g5HbwK1BH.003456 with haloid 9 and h1id 1
07/03/2025 02:33:23 PM :: pynbody.halo :: ERROR    :: Unable to load AHF substructure file; continuing without. To expose the underlying problem as an exception, pass ignore_missing_substructure=False to the AHFCatalogue constructor
07/03/2025 02:33:26 PM :: base.py :: DEBUG    :: Loading /data/Sims/cptmarvel.cosmo25cmb/cptmarvel.cosmo25cmb.4096g5HbwK1BH/snapshots_200crit_cptmarvel/cptmarvel.cosmo25cmb.4096g5HbwK1BH.003328 with haloid 9 and h1id 1
07/03/2025 02:33:30 PM :: pynbody.halo :: ERROR    :: Unable to load AHF substructure file; continuing without. To expose the underlying problem as an exception, pass ignore_missing_substructure=False to the AHFCatalogue constructor
07/03/2025 02:33:33 PM :: base.py :: DEBUG    :: Loading /data/Sims/cptmarvel.cosmo25cmb/cptmarvel.cosmo25cmb.4096g5HbwK1BH/snapshots_200crit_cptmarvel/cptmarvel.cosmo25cmb.4096g5HbwK1BH.003245 with haloid 9 and h1id 1
07/03/2025 02:33:38 PM :: pynbody.halo :: ERROR    :: Unable to load AHF substructure file; continuing without. To expose the underlying problem as an exception, pass ignore_missing_substructure=False to the AHFCatalogue constructor
07/03/2025 02:33:40 PM :: base.py :: DEBUG    :: Loading /data/Sims/cptmarvel.cosmo25cmb/cptmarvel.cosmo25cmb.4096g5HbwK1BH/snapshots_200crit_cptmarvel/cptmarvel.cosmo25cmb.4096g5HbwK1BH.003200 with haloid 9 and h1id 1
07/03/2025 02:33:44 PM :: pynbody.halo :: ERROR    :: Unable to load AHF substructure file; continuing without. To expose the underlying problem as an exception, pass ignore_missing_substructure=False to the AHFCatalogue constructor
07/03/2025 02:33:46 PM :: base.py :: DEBUG    :: Loading /data/Sims/cptmarvel.cosmo25cmb/cptmarvel.cosmo25cmb.4096g5HbwK1BH/snapshots_200crit_cptmarvel/cptmarvel.cosmo25cmb.4096g5HbwK1BH.003072 with haloid 9 and h1id 1
07/03/2025 02:33:53 PM :: pynbody.halo :: ERROR    :: Unable to load AHF substructure file; continuing without. To expose the underlying problem as an exception, pass ignore_missing_substructure=False to the AHFCatalogue constructor
07/03/2025 02:33:56 PM :: base.py :: DEBUG    :: Loading /data/Sims/cptmarvel.cosmo25cmb/cptmarvel.cosmo25cmb.4096g5HbwK1BH/snapshots_200crit_cptmarvel/cptmarvel.cosmo25cmb.4096g5HbwK1BH.002944 with haloid 9 and h1id 1
07/03/2025 02:34:06 PM :: pynbody.halo :: ERROR    :: Unable to load AHF substructure file; continuing without. To expose the underlying problem as an exception, pass ignore_missing_substructure=False to the AHFCatalogue constructor
07/03/2025 02:34:08 PM :: base.py :: DEBUG    :: Loading /data/Sims/cptmarvel.cosmo25cmb/cptmarvel.cosmo25cmb.4096g5HbwK1BH/snapshots_200crit_cptmarvel/cptmarvel.cosmo25cmb.4096g5HbwK1BH.002816 with haloid 9 and h1id 1
07/03/2025 02:34:14 PM :: pynbody.halo :: ERROR    :: Unable to load AHF substructure file; continuing without. To expose the underlying problem as an exception, pass ignore_missing_substructure=False to the AHFCatalogue constructor
07/03/2025 02:34:16 PM :: base.py :: DEBUG    :: Loading /data/Sims/cptmarvel.cosmo25cmb/cptmarvel.cosmo25cmb.4096g5HbwK1BH/snapshots_200crit_cptmarvel/cptmarvel.cosmo25cmb.4096g5HbwK1BH.002688 with haloid 9 and h1id 1
07/03/2025 02:34:25 PM :: pynbody.halo :: ERROR    :: Unable to load AHF substructure file; continuing without. To expose the underlying problem as an exception, pass ignore_missing_substructure=False to the AHFCatalogue constructor
07/03/2025 02:34:28 PM :: base.py :: DEBUG    :: Loading /data/Sims/cptmarvel.cosmo25cmb/cptmarvel.cosmo25cmb.4096g5HbwK1BH/snapshots_200crit_cptmarvel/cptmarvel.cosmo25cmb.4096g5HbwK1BH.002624 with haloid 9 and h1id 1
07/03/2025 02:34:38 PM :: pynbody.halo :: ERROR    :: Unable to load AHF substructure file; continuing without. To expose the underlying problem as an exception, pass ignore_missing_substructure=False to the AHFCatalogue constructor
07/03/2025 02:34:41 PM :: base.py :: DEBUG    :: Loading /data/Sims/cptmarvel.cosmo25cmb/cptmarvel.cosmo25cmb.4096g5HbwK1BH/snapshots_200crit_cptmarvel/cptmarvel.cosmo25cmb.4096g5HbwK1BH.002560 with haloid 9 and h1id 1
07/03/2025 02:34:50 PM :: pynbody.halo :: ERROR    :: Unable to load AHF substructure file; continuing without. To expose the underlying problem as an exception, pass ignore_missing_substructure=False to the AHFCatalogue constructor
07/03/2025 02:34:52 PM :: base.py :: DEBUG    :: Loading /data/Sims/cptmarvel.cosmo25cmb/cptmarvel.cosmo25cmb.4096g5HbwK1BH/snapshots_200crit_cptmarvel/cptmarvel.cosmo25cmb.4096g5HbwK1BH.002432 with haloid 9 and h1id 1
07/03/2025 02:35:00 PM :: pynbody.halo :: ERROR    :: Unable to load AHF substructure file; continuing without. To expose the underlying problem as an exception, pass ignore_missing_substructure=False to the AHFCatalogue constructor
07/03/2025 02:35:02 PM :: base.py :: DEBUG    :: Loading /data/Sims/cptmarvel.cosmo25cmb/cptmarvel.cosmo25cmb.4096g5HbwK1BH/snapshots_200crit_cptmarvel/cptmarvel.cosmo25cmb.4096g5HbwK1BH.002304 with haloid 10 and h1id 1
07/03/2025 02:35:11 PM :: pynbody.halo :: ERROR    :: Unable to load AHF substructure file; continuing without. To expose the underlying problem as an exception, pass ignore_missing_substructure=False to the AHFCatalogue constructor
07/03/2025 02:35:13 PM :: base.py :: DEBUG    :: Loading /data/Sims/cptmarvel.cosmo25cmb/cptmarvel.cosmo25cmb.4096g5HbwK1BH/snapshots_200crit_cptmarvel/cptmarvel.cosmo25cmb.4096g5HbwK1BH.002176 with haloid 10 and h1id 1
07/03/2025 02:35:17 PM :: pynbody.halo :: ERROR    :: Unable to load AHF substructure file; continuing without. To expose the underlying problem as an exception, pass ignore_missing_substructure=False to the AHFCatalogue constructor
07/03/2025 02:35:20 PM :: base.py :: DEBUG    :: Loading /data/Sims/cptmarvel.cosmo25cmb/cptmarvel.cosmo25cmb.4096g5HbwK1BH/snapshots_200crit_cptmarvel/cptmarvel.cosmo25cmb.4096g5HbwK1BH.002162 with haloid 10 and h1id 1
07/03/2025 02:35:24 PM :: pynbody.halo :: ERROR    :: Unable to load AHF substructure file; continuing without. To expose the underlying problem as an exception, pass ignore_missing_substructure=False to the AHFCatalogue constructor
07/03/2025 02:35:26 PM :: base.py :: DEBUG    :: Loading /data/Sims/cptmarvel.cosmo25cmb/cptmarvel.cosmo25cmb.4096g5HbwK1BH/snapshots_200crit_cptmarvel/cptmarvel.cosmo25cmb.4096g5HbwK1BH.002048 with haloid 10 and h1id 1
07/03/2025 02:35:30 PM :: pynbody.halo :: ERROR    :: Unable to load AHF substructure file; continuing without. To expose the underlying problem as an exception, pass ignore_missing_substructure=False to the AHFCatalogue constructor
07/03/2025 02:35:32 PM :: base.py :: DEBUG    :: Loading /data/Sims/cptmarvel.cosmo25cmb/cptmarvel.cosmo25cmb.4096g5HbwK1BH/snapshots_200crit_cptmarvel/cptmarvel.cosmo25cmb.4096g5HbwK1BH.001920 with haloid 10 and h1id 1
07/03/2025 02:35:35 PM :: pynbody.halo :: ERROR    :: Unable to load AHF substructure file; continuing without. To expose the underlying problem as an exception, pass ignore_missing_substructure=False to the AHFCatalogue constructor
07/03/2025 02:35:37 PM :: base.py :: DEBUG    :: Loading /data/Sims/cptmarvel.cosmo25cmb/cptmarvel.cosmo25cmb.4096g5HbwK1BH/snapshots_200crit_cptmarvel/cptmarvel.cosmo25cmb.4096g5HbwK1BH.001813 with haloid 10 and h1id 1
07/03/2025 02:35:41 PM :: pynbody.halo :: ERROR    :: Unable to load AHF substructure file; continuing without. To expose the underlying problem as an exception, pass ignore_missing_substructure=False to the AHFCatalogue constructor
07/03/2025 02:35:43 PM :: base.py :: DEBUG    :: Loading /data/Sims/cptmarvel.cosmo25cmb/cptmarvel.cosmo25cmb.4096g5HbwK1BH/snapshots_200crit_cptmarvel/cptmarvel.cosmo25cmb.4096g5HbwK1BH.001792 with haloid 10 and h1id 1
07/03/2025 02:35:47 PM :: pynbody.halo :: ERROR    :: Unable to load AHF substructure file; continuing without. To expose the underlying problem as an exception, pass ignore_missing_substructure=False to the AHFCatalogue constructor
07/03/2025 02:35:49 PM :: base.py :: DEBUG    :: Loading /data/Sims/cptmarvel.cosmo25cmb/cptmarvel.cosmo25cmb.4096g5HbwK1BH/snapshots_200crit_cptmarvel/cptmarvel.cosmo25cmb.4096g5HbwK1BH.001664 with haloid 9 and h1id 1
07/03/2025 02:35:52 PM :: pynbody.halo :: ERROR    :: Unable to load AHF substructure file; continuing without. To expose the underlying problem as an exception, pass ignore_missing_substructure=False to the AHFCatalogue constructor
07/03/2025 02:35:54 PM :: base.py :: DEBUG    :: Loading /data/Sims/cptmarvel.cosmo25cmb/cptmarvel.cosmo25cmb.4096g5HbwK1BH/snapshots_200crit_cptmarvel/cptmarvel.cosmo25cmb.4096g5HbwK1BH.001543 with haloid 9 and h1id 1
07/03/2025 02:35:58 PM :: pynbody.halo :: ERROR    :: Unable to load AHF substructure file; continuing without. To expose the underlying problem as an exception, pass ignore_missing_substructure=False to the AHFCatalogue constructor
07/03/2025 02:35:59 PM :: base.py :: DEBUG    :: Loading /data/Sims/cptmarvel.cosmo25cmb/cptmarvel.cosmo25cmb.4096g5HbwK1BH/snapshots_200crit_cptmarvel/cptmarvel.cosmo25cmb.4096g5HbwK1BH.001536 with haloid 9 and h1id 1
07/03/2025 02:36:04 PM :: pynbody.halo :: ERROR    :: Unable to load AHF substructure file; continuing without. To expose the underlying problem as an exception, pass ignore_missing_substructure=False to the AHFCatalogue constructor
07/03/2025 02:36:06 PM :: base.py :: DEBUG    :: Loading /data/Sims/cptmarvel.cosmo25cmb/cptmarvel.cosmo25cmb.4096g5HbwK1BH/snapshots_200crit_cptmarvel/cptmarvel.cosmo25cmb.4096g5HbwK1BH.001408 with haloid 10 and h1id 1
07/03/2025 02:36:11 PM :: pynbody.halo :: ERROR    :: Unable to load AHF substructure file; continuing without. To expose the underlying problem as an exception, pass ignore_missing_substructure=False to the AHFCatalogue constructor
07/03/2025 02:36:13 PM :: base.py :: DEBUG    :: Loading /data/Sims/cptmarvel.cosmo25cmb/cptmarvel.cosmo25cmb.4096g5HbwK1BH/snapshots_200crit_cptmarvel/cptmarvel.cosmo25cmb.4096g5HbwK1BH.001331 with haloid 10 and h1id 1
07/03/2025 02:36:18 PM :: pynbody.halo :: ERROR    :: Unable to load AHF substructure file; continuing without. To expose the underlying problem as an exception, pass ignore_missing_substructure=False to the AHFCatalogue constructor
07/03/2025 02:36:19 PM :: base.py :: DEBUG    :: Loading /data/Sims/cptmarvel.cosmo25cmb/cptmarvel.cosmo25cmb.4096g5HbwK1BH/snapshots_200crit_cptmarvel/cptmarvel.cosmo25cmb.4096g5HbwK1BH.001280 with haloid 10 and h1id 1
07/03/2025 02:36:24 PM :: pynbody.halo :: ERROR    :: Unable to load AHF substructure file; continuing without. To expose the underlying problem as an exception, pass ignore_missing_substructure=False to the AHFCatalogue constructor
07/03/2025 02:36:25 PM :: base.py :: DEBUG    :: Loading /data/Sims/cptmarvel.cosmo25cmb/cptmarvel.cosmo25cmb.4096g5HbwK1BH/snapshots_200crit_cptmarvel/cptmarvel.cosmo25cmb.4096g5HbwK1BH.001162 with haloid 9 and h1id 1
07/03/2025 02:36:29 PM :: pynbody.halo :: ERROR    :: Unable to load AHF substructure file; continuing without. To expose the underlying problem as an exception, pass ignore_missing_substructure=False to the AHFCatalogue constructor
07/03/2025 02:36:31 PM :: base.py :: DEBUG    :: Loading /data/Sims/cptmarvel.cosmo25cmb/cptmarvel.cosmo25cmb.4096g5HbwK1BH/snapshots_200crit_cptmarvel/cptmarvel.cosmo25cmb.4096g5HbwK1BH.001152 with haloid 9 and h1id 1
07/03/2025 02:36:34 PM :: pynbody.halo :: ERROR    :: Unable to load AHF substructure file; continuing without. To expose the underlying problem as an exception, pass ignore_missing_substructure=False to the AHFCatalogue constructor
07/03/2025 02:36:36 PM :: base.py :: DEBUG    :: Loading /data/Sims/cptmarvel.cosmo25cmb/cptmarvel.cosmo25cmb.4096g5HbwK1BH/snapshots_200crit_cptmarvel/cptmarvel.cosmo25cmb.4096g5HbwK1BH.000896 with haloid 12 and h1id 1
07/03/2025 02:36:39 PM :: pynbody.halo :: ERROR    :: Unable to load AHF substructure file; continuing without. To expose the underlying problem as an exception, pass ignore_missing_substructure=False to the AHFCatalogue constructor
07/03/2025 02:36:41 PM :: base.py :: DEBUG    :: Loading /data/Sims/cptmarvel.cosmo25cmb/cptmarvel.cosmo25cmb.4096g5HbwK1BH/snapshots_200crit_cptmarvel/cptmarvel.cosmo25cmb.4096g5HbwK1BH.000818 with haloid 13 and h1id 1
07/03/2025 02:36:44 PM :: pynbody.halo :: ERROR    :: Unable to load AHF substructure file; continuing without. To expose the underlying problem as an exception, pass ignore_missing_substructure=False to the AHFCatalogue constructor
07/03/2025 02:36:45 PM :: base.py :: DEBUG    :: Loading /data/Sims/cptmarvel.cosmo25cmb/cptmarvel.cosmo25cmb.4096g5HbwK1BH/snapshots_200crit_cptmarvel/cptmarvel.cosmo25cmb.4096g5HbwK1BH.000768 with haloid 11 and h1id 1
07/03/2025 02:36:48 PM :: pynbody.halo :: ERROR    :: Unable to load AHF substructure file; continuing without. To expose the underlying problem as an exception, pass ignore_missing_substructure=False to the AHFCatalogue constructor
07/03/2025 02:36:49 PM :: base.py :: DEBUG    :: Loading /data/Sims/cptmarvel.cosmo25cmb/cptmarvel.cosmo25cmb.4096g5HbwK1BH/snapshots_200crit_cptmarvel/cptmarvel.cosmo25cmb.4096g5HbwK1BH.000672 with haloid 12 and h1id 1
07/03/2025 02:36:52 PM :: pynbody.halo :: ERROR    :: Unable to load AHF substructure file; continuing without. To expose the underlying problem as an exception, pass ignore_missing_substructure=False to the AHFCatalogue constructor
07/03/2025 02:36:53 PM :: base.py :: DEBUG    :: Loading /data/Sims/cptmarvel.cosmo25cmb/cptmarvel.cosmo25cmb.4096g5HbwK1BH/snapshots_200crit_cptmarvel/cptmarvel.cosmo25cmb.4096g5HbwK1BH.000640 with haloid 13 and h1id 1
07/03/2025 02:36:56 PM :: pynbody.halo :: ERROR    :: Unable to load AHF substructure file; continuing without. To expose the underlying problem as an exception, pass ignore_missing_substructure=False to the AHFCatalogue constructor
07/03/2025 02:36:57 PM :: base.py :: DEBUG    :: Loading /data/Sims/cptmarvel.cosmo25cmb/cptmarvel.cosmo25cmb.4096g5HbwK1BH/snapshots_200crit_cptmarvel/cptmarvel.cosmo25cmb.4096g5HbwK1BH.000512 with haloid 48 and h1id 1
07/03/2025 02:36:59 PM :: pynbody.halo :: ERROR    :: Unable to load AHF substructure file; continuing without. To expose the underlying problem as an exception, pass ignore_missing_substructure=False to the AHFCatalogue constructor
07/03/2025 02:37:00 PM :: base.py :: DEBUG    :: Loading /data/Sims/cptmarvel.cosmo25cmb/cptmarvel.cosmo25cmb.4096g5HbwK1BH/snapshots_200crit_cptmarvel/cptmarvel.cosmo25cmb.4096g5HbwK1BH.000482 with haloid 41 and h1id 1
07/03/2025 02:37:05 PM :: pynbody.halo :: ERROR    :: Unable to load AHF substructure file; continuing without. To expose the underlying problem as an exception, pass ignore_missing_substructure=False to the AHFCatalogue constructor
07/03/2025 02:37:06 PM :: base.py :: DEBUG    :: Loading /data/Sims/cptmarvel.cosmo25cmb/cptmarvel.cosmo25cmb.4096g5HbwK1BH/snapshots_200crit_cptmarvel/cptmarvel.cosmo25cmb.4096g5HbwK1BH.000291 with haloid 61 and h1id 2
07/03/2025 02:37:09 PM :: pynbody.halo :: ERROR    :: Unable to load AHF substructure file; continuing without. To expose the underlying problem as an exception, pass ignore_missing_substructure=False to the AHFCatalogue constructor
07/03/2025 02:37:09 PM :: base.py :: ERROR    :: Uncaught exception
Traceback (most recent call last):
  File "/home/sackmann/Documents/MAP/marvel-SNe-particle-tracking/ParticleTracking/particletracking.py", line 29, in <module>
    print(f'Snap start: {snap_start}')
OSError: [Errno 5] Input/output error
